<?xml version="1.0" encoding="UTF-8"?>
<!-- Generated by org.testng.reporters.JUnitReportReporter -->
<testsuite skipped="0" hostname="Lenovo" name="org.testNG.ParallelRun" tests="6" failures="0" timestamp="06 Feb 2020 09:53:09 GMT" time="0.630" errors="0">
  <testcase name="tc11" time="0.135" classname="org.testNG.ParallelRun"/>
  <testcase name="tc1" time="0.153" classname="org.testNG.ParallelRun"/>
  <testcase name="tc2" time="0.112" classname="org.testNG.ParallelRun"/>
  <testcase name="tc13" time="0.077" classname="org.testNG.ParallelRun"/>
  <testcase name="tc12" time="0.149" classname="org.testNG.ParallelRun"/>
  <testcase name="tc3" time="0.004" classname="org.testNG.ParallelRun"/>
</testsuite> <!-- org.testNG.ParallelRun -->
